<?xml version="1.0" encoding="UTF-8"?>
<testng-results skipped="0" failed="0" ignored="0" total="1" passed="1">
  <reporter-output>
  </reporter-output>
  <suite name="Suite" duration-ms="6228" started-at="2020-10-22T10:12:08Z" finished-at="2020-10-22T10:12:14Z">
    <groups>
    </groups>
    <test name="Test" duration-ms="6228" started-at="2020-10-22T10:12:08Z" finished-at="2020-10-22T10:12:14Z">
      <class name="RestDemo.DataDrivenExample">
        <test-method status="PASS" signature="test_3_delete2(int)[pri:0, instance:RestDemo.DataDrivenExample@6950e31]" name="test_3_delete2" duration-ms="6168" started-at="2020-10-22T10:12:08Z" finished-at="2020-10-22T10:12:14Z">
          <params>
            <param index="0">
              <value>
                <![CDATA[1]]>
              </value>
            </param>
          </params>
          <reporter-output>
          </reporter-output>
        </test-method> <!-- test_3_delete2 -->
      </class> <!-- RestDemo.DataDrivenExample -->
    </test> <!-- Test -->
  </suite> <!-- Suite -->
</testng-results>
